=> Booting Puma
=> Rails 8.0.4 application starting in development 
=> Run `bin/rails server --help` for more startup options
Puma starting in single mode...
* Puma version: 7.1.0 ("Neon Witch")
* Ruby version: ruby 3.4.4 (2025-05-14 revision a38531fd3f) +YJIT +PRISM [x86_64-linux]
*  Min threads: 3
*  Max threads: 3
*  Environment: development
*          PID: 12758
* Listening on http://127.0.0.1:3000
* Listening on http://[::1]:3000
Use Ctrl-C to stop
Started HEAD "/" for ::1 at 2025-11-30 21:39:47 +0900
  [1m[36mActiveRecord::SchemaMigration Load (2.8ms)[0m  [1m[34mSELECT "schema_migrations"."version" FROM "schema_migrations" ORDER BY "schema_migrations"."version" ASC /*application='GukjangApi'*/[0m
Processing by Web::DashboardController#index as */*
  [1m[36mAlert Count (18.3ms)[0m  [1m[34mSELECT COUNT(*) FROM "alerts" /*action='index',application='GukjangApi',controller='dashboard'*/[0m
  ↳ app/controllers/web/dashboard_controller.rb:7:in 'Web::DashboardController#index'
  [1m[36mAlert Count (0.8ms)[0m  [1m[34mSELECT COUNT(*) FROM "alerts" WHERE "alerts"."is_active" = TRUE /*action='index',application='GukjangApi',controller='dashboard'*/[0m
  ↳ app/controllers/web/dashboard_controller.rb:8:in 'Web::DashboardController#index'
  Rendering web/dashboard/index.html.erb
  Rendered web/dashboard/index.html.erb (Duration: 4.5ms | GC: 0.0ms)
Completed 200 OK in 96ms (Views: 9.4ms | ActiveRecord: 31.0ms (2 queries, 0 cached) | GC: 1.8ms)


Started GET "/sidekiq/stats" for ::1 at 2025-11-30 21:40:35 +0900
[1;34mINFO [0m 2025-11-30T12:40:35.789Z pid=12758 tid=672: Sidekiq 8.0.9 connecting to Redis with options {size: 10, pool_name: "internal", url: "redis://localhost:6379/0"}
Started GET "/" for ::1 at 2025-11-30 21:40:38 +0900
Processing by Web::DashboardController#index as HTML
  [1m[36mAlert Count (3.0ms)[0m  [1m[34mSELECT COUNT(*) FROM "alerts" /*action='index',application='GukjangApi',controller='dashboard'*/[0m
  ↳ app/controllers/web/dashboard_controller.rb:7:in 'Web::DashboardController#index'
  [1m[36mAlert Count (2.2ms)[0m  [1m[34mSELECT COUNT(*) FROM "alerts" WHERE "alerts"."is_active" = TRUE /*action='index',application='GukjangApi',controller='dashboard'*/[0m
  ↳ app/controllers/web/dashboard_controller.rb:8:in 'Web::DashboardController#index'
  Rendering web/dashboard/index.html.erb
  Rendered web/dashboard/index.html.erb (Duration: 4.4ms | GC: 0.0ms)
Completed 200 OK in 99ms (Views: 9.5ms | ActiveRecord: 3.4ms (2 queries, 0 cached) | GC: 0.0ms)


Started GET "/.well-known/appspecific/com.chrome.devtools.json" for ::1 at 2025-11-30 21:40:38 +0900
  
ActionController::RoutingError (No route matches [GET] "/.well-known/appspecific/com.chrome.devtools.json"):
  
Started GET "/" for ::1 at 2025-11-30 21:41:24 +0900
Processing by Web::DashboardController#index as HTML
  [1m[36mAlert Count (1.4ms)[0m  [1m[34mSELECT COUNT(*) FROM "alerts" /*action='index',application='GukjangApi',controller='dashboard'*/[0m
  ↳ app/controllers/web/dashboard_controller.rb:7:in 'Web::DashboardController#index'
  [1m[36mAlert Count (2.4ms)[0m  [1m[34mSELECT COUNT(*) FROM "alerts" WHERE "alerts"."is_active" = TRUE /*action='index',application='GukjangApi',controller='dashboard'*/[0m
  ↳ app/controllers/web/dashboard_controller.rb:8:in 'Web::DashboardController#index'
  Rendering web/dashboard/index.html.erb
  Rendered web/dashboard/index.html.erb (Duration: 2.1ms | GC: 0.0ms)
Completed 200 OK in 28ms (Views: 3.9ms | ActiveRecord: 3.3ms (2 queries, 0 cached) | GC: 0.0ms)


Started GET "/.well-known/appspecific/com.chrome.devtools.json" for ::1 at 2025-11-30 21:41:24 +0900
  
ActionController::RoutingError (No route matches [GET] "/.well-known/appspecific/com.chrome.devtools.json"):
  
Started GET "/sidekiq/stats" for ::1 at 2025-11-30 21:41:35 +0900
Started GET "/sidekiq/stats" for ::1 at 2025-11-30 21:42:35 +0900
Started GET "/sidekiq/stats" for ::1 at 2025-11-30 21:43:35 +0900
Started GET "/sidekiq/stats" for ::1 at 2025-11-30 21:44:35 +0900
Started GET "/sidekiq/stats" for ::1 at 2025-11-30 21:45:35 +0900
Started GET "/sidekiq/stats" for ::1 at 2025-11-30 21:46:35 +0900
Started GET "/sidekiq/stats" for ::1 at 2025-11-30 21:47:36 +0900
Started GET "/sidekiq/stats" for ::1 at 2025-11-30 21:48:35 +0900
Started GET "/sidekiq/stats" for ::1 at 2025-11-30 21:49:35 +0900
Started GET "/sidekiq/stats" for ::1 at 2025-11-30 21:50:35 +0900
Started GET "/sidekiq/stats" for ::1 at 2025-11-30 21:51:35 +0900
Started GET "/sidekiq/stats" for ::1 at 2025-11-30 21:52:35 +0900
Started GET "/sidekiq/stats" for ::1 at 2025-11-30 21:53:35 +0900
Started GET "/sidekiq/stats" for ::1 at 2025-11-30 21:54:35 +0900
Started GET "/sidekiq/stats" for ::1 at 2025-11-30 21:55:35 +0900
Started GET "/sidekiq/stats" for ::1 at 2025-11-30 21:56:35 +0900
Started GET "/sidekiq/stats" for ::1 at 2025-11-30 21:57:35 +0900
Started GET "/sidekiq/stats" for ::1 at 2025-11-30 21:58:35 +0900
Started GET "/sidekiq/stats" for ::1 at 2025-11-30 21:59:36 +0900
Started GET "/sidekiq/stats" for ::1 at 2025-11-30 22:00:35 +0900
Started GET "/sidekiq/stats" for ::1 at 2025-11-30 22:01:35 +0900
Started GET "/sidekiq/stats" for ::1 at 2025-11-30 22:02:35 +0900
Started GET "/sidekiq/stats" for ::1 at 2025-11-30 22:03:35 +0900
Started GET "/sidekiq/stats" for ::1 at 2025-11-30 22:04:35 +0900
Started GET "/sidekiq/stats" for ::1 at 2025-11-30 22:05:35 +0900
Started GET "/sidekiq/stats" for ::1 at 2025-11-30 22:06:35 +0900
Started GET "/sidekiq/stats" for ::1 at 2025-11-30 22:07:35 +0900
Started GET "/sidekiq/stats" for ::1 at 2025-11-30 22:08:35 +0900
Started GET "/sidekiq/stats" for ::1 at 2025-11-30 22:09:35 +0900
Started GET "/sidekiq/stats" for ::1 at 2025-11-30 22:10:35 +0900
Started GET "/sidekiq/stats" for ::1 at 2025-11-30 22:11:35 +0900
Started GET "/sidekiq/stats" for ::1 at 2025-11-30 22:12:35 +0900
Started GET "/sidekiq/stats" for ::1 at 2025-11-30 22:13:35 +0900
Started GET "/sidekiq/stats" for ::1 at 2025-11-30 22:14:35 +0900
Started GET "/sidekiq/stats" for ::1 at 2025-11-30 22:15:35 +0900
Started GET "/sidekiq/stats" for ::1 at 2025-11-30 22:16:35 +0900
Started GET "/sidekiq/stats" for ::1 at 2025-11-30 22:17:36 +0900
Started GET "/sidekiq/stats" for ::1 at 2025-11-30 22:18:35 +0900
Started GET "/sidekiq/stats" for ::1 at 2025-11-30 22:19:35 +0900
Started GET "/sidekiq/stats" for ::1 at 2025-11-30 22:20:35 +0900
Started GET "/sidekiq/stats" for ::1 at 2025-11-30 22:21:35 +0900
Started GET "/sidekiq/stats" for ::1 at 2025-11-30 22:22:36 +0900
Started GET "/sidekiq/stats" for ::1 at 2025-11-30 22:23:35 +0900
Started GET "/sidekiq/stats" for ::1 at 2025-11-30 22:24:35 +0900
Started GET "/sidekiq/stats" for ::1 at 2025-11-30 22:25:35 +0900
Started GET "/sidekiq/stats" for ::1 at 2025-11-30 22:26:35 +0900
Started GET "/sidekiq/stats" for ::1 at 2025-11-30 22:27:35 +0900
Started GET "/sidekiq/stats" for ::1 at 2025-11-30 22:28:35 +0900
Started GET "/sidekiq/stats" for ::1 at 2025-11-30 22:29:35 +0900
Started GET "/sidekiq/stats" for ::1 at 2025-11-30 22:30:35 +0900
Started GET "/sidekiq/stats" for ::1 at 2025-11-30 22:31:35 +0900
Started GET "/sidekiq/stats" for ::1 at 2025-11-30 22:32:35 +0900
Started GET "/sidekiq/stats" for ::1 at 2025-11-30 22:33:35 +0900
Started GET "/sidekiq/stats" for ::1 at 2025-11-30 22:34:35 +0900
Started GET "/sidekiq/stats" for ::1 at 2025-11-30 22:35:36 +0900
Started GET "/sidekiq/stats" for ::1 at 2025-11-30 22:36:35 +0900
Started GET "/sidekiq/stats" for ::1 at 2025-11-30 22:37:36 +0900
Started GET "/sidekiq/stats" for ::1 at 2025-11-30 22:38:35 +0900
Started GET "/sidekiq/stats" for ::1 at 2025-11-30 22:39:35 +0900
Started GET "/sidekiq/stats" for ::1 at 2025-11-30 22:40:35 +0900
Started GET "/sidekiq/stats" for ::1 at 2025-11-30 22:41:35 +0900
Started GET "/sidekiq/stats" for ::1 at 2025-11-30 22:42:35 +0900
Started GET "/sidekiq/stats" for ::1 at 2025-11-30 22:43:35 +0900
Started GET "/sidekiq/stats" for ::1 at 2025-11-30 22:44:35 +0900
Started GET "/sidekiq/stats" for ::1 at 2025-11-30 22:45:35 +0900
Started GET "/sidekiq/stats" for ::1 at 2025-11-30 22:46:35 +0900
Started GET "/sidekiq/stats" for ::1 at 2025-11-30 22:47:35 +0900
Started GET "/sidekiq/stats" for ::1 at 2025-11-30 22:48:35 +0900
Started GET "/sidekiq/stats" for ::1 at 2025-11-30 22:49:35 +0900
Started GET "/sidekiq/stats" for ::1 at 2025-11-30 22:50:35 +0900
Started GET "/sidekiq/stats" for ::1 at 2025-11-30 22:51:35 +0900
Started GET "/sidekiq/stats" for ::1 at 2025-11-30 22:52:35 +0900
Started GET "/sidekiq/stats" for ::1 at 2025-11-30 22:53:35 +0900
Started GET "/sidekiq/stats" for ::1 at 2025-11-30 22:54:35 +0900
Started GET "/sidekiq/stats" for ::1 at 2025-11-30 22:55:36 +0900
Started GET "/sidekiq/stats" for ::1 at 2025-11-30 22:56:36 +0900
Started GET "/sidekiq/stats" for ::1 at 2025-11-30 22:57:35 +0900
Started GET "/sidekiq/stats" for ::1 at 2025-11-30 22:58:35 +0900
Started GET "/sidekiq/stats" for ::1 at 2025-11-30 22:59:35 +0900
Started GET "/sidekiq/stats" for ::1 at 2025-11-30 23:00:35 +0900
Started GET "/sidekiq/stats" for ::1 at 2025-11-30 23:01:35 +0900
Started GET "/sidekiq/stats" for ::1 at 2025-11-30 23:02:35 +0900
Started GET "/sidekiq/stats" for ::1 at 2025-11-30 23:03:35 +0900
Started GET "/sidekiq/stats" for ::1 at 2025-11-30 23:04:35 +0900
Started GET "/sidekiq/stats" for ::1 at 2025-11-30 23:05:35 +0900
Started GET "/sidekiq/stats" for ::1 at 2025-11-30 23:06:35 +0900
Started GET "/sidekiq/stats" for ::1 at 2025-11-30 23:07:36 +0900
Started GET "/sidekiq/stats" for ::1 at 2025-11-30 23:08:35 +0900
Started GET "/sidekiq/stats" for ::1 at 2025-11-30 23:09:35 +0900
Started GET "/sidekiq/stats" for ::1 at 2025-11-30 23:10:35 +0900
Started GET "/sidekiq/stats" for ::1 at 2025-11-30 23:11:35 +0900
Started GET "/sidekiq/stats" for ::1 at 2025-11-30 23:12:35 +0900
Started GET "/sidekiq/stats" for ::1 at 2025-11-30 23:13:35 +0900
Started GET "/sidekiq/stats" for ::1 at 2025-11-30 23:14:35 +0900
Started GET "/sidekiq/stats" for ::1 at 2025-11-30 23:15:35 +0900
Started GET "/sidekiq/stats" for ::1 at 2025-11-30 23:16:35 +0900
